<?xml version="1.0" encoding="UTF-8"?>
<testng-results skipped="0" failed="1" ignored="0" total="2" passed="1">
  <reporter-output>
  </reporter-output>
  <suite name="Suite" duration-ms="94150" started-at="2022-02-03T23:52:03 IST" finished-at="2022-02-03T23:53:37 IST">
    <groups>
      <group name="Smoke">
        <method signature="validateSearchPageContentTest.validate_first_link(java.lang.String,java.lang.String)[pri:0, instance:test.validateSearchPageContentTest@6d4d66d2]" name="validate_first_link" class="test.validateSearchPageContentTest"/>
      </group> <!-- Smoke -->
    </groups>
    <test name="Validating first Searched Link Text via search engine" duration-ms="94150" started-at="2022-02-03T23:52:03 IST" finished-at="2022-02-03T23:53:37 IST">
      <class name="test.validateSearchPageContentTest">
        <test-method status="PASS" signature="initialize()[pri:0, instance:test.validateSearchPageContentTest@6d4d66d2]" name="initialize" is-config="true" duration-ms="6821" started-at="2022-02-03T23:52:03 IST" finished-at="2022-02-03T23:52:10 IST">
          <reporter-output>
          </reporter-output>
        </test-method> <!-- initialize -->
        <test-method status="FAIL" signature="validate_first_link(java.lang.String,java.lang.String)[pri:0, instance:test.validateSearchPageContentTest@6d4d66d2]" name="validate_first_link" duration-ms="79231" started-at="2022-02-03T23:52:10 IST" data-provider="getData" finished-at="2022-02-03T23:53:29 IST">
          <params>
            <param index="0">
              <value>
                <![CDATA[Python]]>
              </value>
            </param>
            <param index="1">
              <value>
                <![CDATA[Welcome to Python.org]]>
              </value>
            </param>
          </params>
          <exception class="java.lang.AssertionError">
            <message>
              <![CDATA[expected [Welcome to Python.org] but found [Learn Python Today - Start Learning Today]]]>
            </message>
            <full-stacktrace>
              <![CDATA[java.lang.AssertionError: expected [Welcome to Python.org] but found [Learn Python Today - Start Learning Today]
at org.testng.Assert.fail(Assert.java:110)
at org.testng.Assert.failNotEquals(Assert.java:1413)
at org.testng.Assert.assertEqualsImpl(Assert.java:149)
at org.testng.Assert.assertEquals(Assert.java:131)
at org.testng.Assert.assertEquals(Assert.java:655)
at org.testng.Assert.assertEquals(Assert.java:665)
at test.validateSearchPageContentTest.validate_first_link(validateSearchPageContentTest.java:75)
at sun.reflect.NativeMethodAccessorImpl.invoke0(Native Method)
at sun.reflect.NativeMethodAccessorImpl.invoke(NativeMethodAccessorImpl.java:62)
at sun.reflect.DelegatingMethodAccessorImpl.invoke(DelegatingMethodAccessorImpl.java:43)
at java.lang.reflect.Method.invoke(Method.java:498)
at org.testng.internal.invokers.MethodInvocationHelper.invokeMethod(MethodInvocationHelper.java:135)
at org.testng.internal.invokers.TestInvoker.invokeMethod(TestInvoker.java:673)
at org.testng.internal.invokers.TestInvoker.invokeTestMethod(TestInvoker.java:220)
at org.testng.internal.invokers.MethodRunner.runInSequence(MethodRunner.java:50)
at org.testng.internal.invokers.TestInvoker$MethodInvocationAgent.invoke(TestInvoker.java:945)
at org.testng.internal.invokers.TestInvoker.invokeTestMethods(TestInvoker.java:193)
at org.testng.internal.invokers.TestMethodWorker.invokeTestMethods(TestMethodWorker.java:146)
at org.testng.internal.invokers.TestMethodWorker.run(TestMethodWorker.java:128)
at java.util.ArrayList.forEach(ArrayList.java:1249)
at org.testng.TestRunner.privateRun(TestRunner.java:808)
at org.testng.TestRunner.run(TestRunner.java:603)
at org.testng.SuiteRunner.runTest(SuiteRunner.java:429)
at org.testng.SuiteRunner.runSequentially(SuiteRunner.java:423)
at org.testng.SuiteRunner.privateRun(SuiteRunner.java:383)
at org.testng.SuiteRunner.run(SuiteRunner.java:326)
at org.testng.SuiteRunnerWorker.runSuite(SuiteRunnerWorker.java:52)
at org.testng.SuiteRunnerWorker.run(SuiteRunnerWorker.java:95)
at org.testng.TestNG.runSuitesSequentially(TestNG.java:1249)
at org.testng.TestNG.runSuitesLocally(TestNG.java:1169)
at org.testng.TestNG.runSuites(TestNG.java:1092)
at org.testng.TestNG.run(TestNG.java:1060)
at org.apache.maven.surefire.testng.TestNGExecutor.run(TestNGExecutor.java:283)
at org.apache.maven.surefire.testng.TestNGXmlTestSuite.execute(TestNGXmlTestSuite.java:75)
at org.apache.maven.surefire.testng.TestNGProvider.invoke(TestNGProvider.java:120)
at org.apache.maven.surefire.booter.ForkedBooter.invokeProviderInSameClassLoader(ForkedBooter.java:386)
at org.apache.maven.surefire.booter.ForkedBooter.runSuitesInProcess(ForkedBooter.java:323)
at org.apache.maven.surefire.booter.ForkedBooter.main(ForkedBooter.java:143)
]]>
            </full-stacktrace>
          </exception> <!-- java.lang.AssertionError -->
          <reporter-output>
          </reporter-output>
        </test-method> <!-- validate_first_link -->
        <test-method status="PASS" signature="validate_first_link(java.lang.String,java.lang.String)[pri:0, instance:test.validateSearchPageContentTest@6d4d66d2]" name="validate_first_link" duration-ms="5435" started-at="2022-02-03T23:53:30 IST" data-provider="getData" finished-at="2022-02-03T23:53:35 IST">
          <params>
            <param index="0">
              <value>
                <![CDATA[Selenium]]>
              </value>
            </param>
            <param index="1">
              <value>
                <![CDATA[Selenium]]>
              </value>
            </param>
          </params>
          <reporter-output>
          </reporter-output>
        </test-method> <!-- validate_first_link -->
        <test-method status="PASS" signature="teardown()[pri:0, instance:test.validateSearchPageContentTest@6d4d66d2]" name="teardown" is-config="true" duration-ms="1947" started-at="2022-02-03T23:53:35 IST" finished-at="2022-02-03T23:53:37 IST">
          <reporter-output>
          </reporter-output>
        </test-method> <!-- teardown -->
      </class> <!-- test.validateSearchPageContentTest -->
    </test> <!-- Validating first Searched Link Text via search engine -->
  </suite> <!-- Suite -->
</testng-results>
